Using pre-set license
Built from '2022.3/staging' branch; Version is '2022.3.59f1 (630718f645a5) revision 6489880'; Using compiler version '192829333'; Build Type 'Release'
OS: 'Windows 10  (10.0.19045) 64bit Core' Language: 'pl' Physical Memory: 16336 MB
BatchMode: 1, IsHumanControllingUs: 0, StartBugReporterOnCrash: 0, Is64bit: 1, IsPro: 1

COMMAND LINE ARGUMENTS:
D:\unity\engine version\2022.3.59f1\Editor\Unity.exe
-adb2
-batchMode
-noUpm
-name
AssetImportWorker0
-projectPath
D:/unity projects/overbaked/overbaked-game
-logFile
Logs/AssetImportWorker0.log
-srvPort
61996
Successfully changed project path to: D:/unity projects/overbaked/overbaked-game
D:/unity projects/overbaked/overbaked-game
[UnityMemory] Configuration Parameters - Can be set up in boot.config
    "memorysetup-bucket-allocator-granularity=16"
    "memorysetup-bucket-allocator-bucket-count=8"
    "memorysetup-bucket-allocator-block-size=33554432"
    "memorysetup-bucket-allocator-block-count=8"
    "memorysetup-main-allocator-block-size=16777216"
    "memorysetup-thread-allocator-block-size=16777216"
    "memorysetup-gfx-main-allocator-block-size=16777216"
    "memorysetup-gfx-thread-allocator-block-size=16777216"
    "memorysetup-cache-allocator-block-size=4194304"
    "memorysetup-typetree-allocator-block-size=2097152"
    "memorysetup-profiler-bucket-allocator-granularity=16"
    "memorysetup-profiler-bucket-allocator-bucket-count=8"
    "memorysetup-profiler-bucket-allocator-block-size=33554432"
    "memorysetup-profiler-bucket-allocator-block-count=8"
    "memorysetup-profiler-allocator-block-size=16777216"
    "memorysetup-profiler-editor-allocator-block-size=1048576"
    "memorysetup-temp-allocator-size-main=16777216"
    "memorysetup-job-temp-allocator-block-size=2097152"
    "memorysetup-job-temp-allocator-block-size-background=1048576"
    "memorysetup-job-temp-allocator-reduction-small-platforms=262144"
    "memorysetup-allocator-temp-initial-block-size-main=262144"
    "memorysetup-allocator-temp-initial-block-size-worker=262144"
    "memorysetup-temp-allocator-size-background-worker=32768"
    "memorysetup-temp-allocator-size-job-worker=262144"
    "memorysetup-temp-allocator-size-preload-manager=33554432"
    "memorysetup-temp-allocator-size-nav-mesh-worker=65536"
    "memorysetup-temp-allocator-size-audio-worker=65536"
    "memorysetup-temp-allocator-size-cloud-worker=32768"
    "memorysetup-temp-allocator-size-gi-baking-worker=262144"
    "memorysetup-temp-allocator-size-gfx=262144"
Player connection [67692]  Target information:

Player connection [67692]  * "[IP] 192.168.0.173 [Port] 0 [Flags] 2 [Guid] 4175071665 [EditorId] 4175071665 [Version] 1048832 [Id] WindowsEditor(7,DESKTOP-HQHCFDN) [Debug] 1 [PackageName] WindowsEditor [ProjectName] Editor" 

Player connection [67692]  * "[IP] 192.168.56.1 [Port] 0 [Flags] 2 [Guid] 4175071665 [EditorId] 4175071665 [Version] 1048832 [Id] WindowsEditor(7,DESKTOP-HQHCFDN) [Debug] 1 [PackageName] WindowsEditor [ProjectName] Editor" 

Player connection [67692] Host joined multi-casting on [225.0.0.222:54997]...
Player connection [67692] Host joined alternative multi-casting on [225.0.0.222:34997]...
Input System module state changed to: Initialized.
[PhysX] Initialized MultithreadedTaskDispatcher with 12 workers.
Refreshing native plugins compatible for Editor in 15.03 ms, found 3 plugins.
Preloading 0 native plugins for Editor in 0.00 ms.
Initialize engine version: 2022.3.59f1 (630718f645a5)
[Subsystems] Discovering subsystems at path D:/unity/engine version/2022.3.59f1/Editor/Data/Resources/UnitySubsystems
[Subsystems] Discovering subsystems at path D:/unity projects/overbaked/overbaked-game/Assets
GfxDevice: creating device client; threaded=0; jobified=0
Direct3D:
    Version:  Direct3D 11.0 [level 11.1]
    Renderer: NVIDIA GeForce RTX 4070 Ti (ID=0x2782)
    Vendor:   NVIDIA
    VRAM:     11996 MB
    Driver:   32.0.15.7242
Initialize mono
Mono path[0] = 'D:/unity/engine version/2022.3.59f1/Editor/Data/Managed'
Mono path[1] = 'D:/unity/engine version/2022.3.59f1/Editor/Data/MonoBleedingEdge/lib/mono/unityjit-win32'
Mono config path = 'D:/unity/engine version/2022.3.59f1/Editor/Data/MonoBleedingEdge/etc'
Using monoOptions --debugger-agent=transport=dt_socket,embedding=1,server=y,suspend=n,address=127.0.0.1:56040
Begin MonoManager ReloadAssembly
Registering precompiled unity dll's ...
Register platform support module: D:/unity/engine version/2022.3.59f1/Editor/Data/PlaybackEngines/AndroidPlayer/UnityEditor.Android.Extensions.dll
Register platform support module: D:/unity/engine version/2022.3.59f1/Editor/Data/PlaybackEngines/WindowsStandaloneSupport/UnityEditor.WindowsStandalone.Extensions.dll
Registered in 0.005837 seconds.
- Loaded All Assemblies, in  0.364 seconds
Native extension for WindowsStandalone target not found
Native extension for Android target not found
Android Extension - Scanning For ADB Devices 368 ms
Mono: successfully reloaded assembly
- Finished resetting the current domain, in  0.697 seconds
Domain Reload Profiling: 1061ms
	BeginReloadAssembly (110ms)
		ExecutionOrderSort (0ms)
		DisableScriptedObjects (0ms)
		BackupInstance (0ms)
		ReleaseScriptingObjects (0ms)
		CreateAndSetChildDomain (1ms)
	RebuildCommonClasses (35ms)
	RebuildNativeTypeToScriptingClass (12ms)
	initialDomainReloadingComplete (52ms)
	LoadAllAssembliesAndSetupDomain (154ms)
		LoadAssemblies (109ms)
		RebuildTransferFunctionScriptingTraits (0ms)
		AnalyzeDomain (152ms)
			TypeCache.Refresh (150ms)
				TypeCache.ScanAssembly (134ms)
			ScanForSourceGeneratedMonoScriptInfo (1ms)
			ResolveRequiredComponents (1ms)
	FinalizeReload (698ms)
		ReleaseScriptCaches (0ms)
		RebuildScriptCaches (0ms)
		SetupLoadedEditorAssemblies (646ms)
			LogAssemblyErrors (0ms)
			InitializePlatformSupportModulesInManaged (481ms)
			SetLoadedEditorAssemblies (4ms)
			RefreshPlugins (0ms)
			BeforeProcessingInitializeOnLoad (3ms)
			ProcessInitializeOnLoadAttributes (113ms)
			ProcessInitializeOnLoadMethodAttributes (45ms)
			AfterProcessingInitializeOnLoad (0ms)
			EditorAssembliesLoaded (0ms)
		ExecutionOrderSort2 (0ms)
		AwakeInstancesAfterBackupRestoration (0ms)
========================================================================
Worker process is ready to serve import requests
Caller must complete domain reload
Begin MonoManager ReloadAssembly
- Loaded All Assemblies, in  0.750 seconds
Native extension for WindowsStandalone target not found
Native extension for Android target not found
Mono: successfully reloaded assembly
- Finished resetting the current domain, in  0.692 seconds
Domain Reload Profiling: 1442ms
	BeginReloadAssembly (174ms)
		ExecutionOrderSort (0ms)
		DisableScriptedObjects (6ms)
		BackupInstance (0ms)
		ReleaseScriptingObjects (0ms)
		CreateAndSetChildDomain (25ms)
	RebuildCommonClasses (35ms)
	RebuildNativeTypeToScriptingClass (12ms)
	initialDomainReloadingComplete (41ms)
	LoadAllAssembliesAndSetupDomain (487ms)
		LoadAssemblies (342ms)
		RebuildTransferFunctionScriptingTraits (0ms)
		AnalyzeDomain (246ms)
			TypeCache.Refresh (208ms)
				TypeCache.ScanAssembly (183ms)
			ScanForSourceGeneratedMonoScriptInfo (25ms)
			ResolveRequiredComponents (10ms)
	FinalizeReload (693ms)
		ReleaseScriptCaches (0ms)
		RebuildScriptCaches (0ms)
		SetupLoadedEditorAssemblies (524ms)
			LogAssemblyErrors (0ms)
			InitializePlatformSupportModulesInManaged (15ms)
			SetLoadedEditorAssemblies (3ms)
			RefreshPlugins (0ms)
			BeforeProcessingInitializeOnLoad (66ms)
			ProcessInitializeOnLoadAttributes (369ms)
			ProcessInitializeOnLoadMethodAttributes (68ms)
			AfterProcessingInitializeOnLoad (3ms)
			EditorAssembliesLoaded (0ms)
		ExecutionOrderSort2 (0ms)
		AwakeInstancesAfterBackupRestoration (8ms)
Launched and connected shader compiler UnityShaderCompiler.exe after 0.06 seconds
Refreshing native plugins compatible for Editor in 4.56 ms, found 3 plugins.
Preloading 0 native plugins for Editor in 0.00 ms.
Unloading 5465 Unused Serialized files (Serialized files now loaded: 0)
Unloading 39 unused Assets / (419.7 KB). Loaded Objects now: 5931.
Memory consumption went from 211.3 MB to 210.9 MB.
Total: 5.874500 ms (FindLiveObjects: 0.852900 ms CreateObjectMapping: 0.254700 ms MarkObjects: 4.392800 ms  DeleteObjects: 0.372500 ms)

AssetImportParameters requested are different than current active one (requested -> active):
  custom:container-demuxer-ogg: 62fdf1f143b41e24485cea50d1cbac27 -> 
  custom:video-decoder-ogg-theora: a1e56fd34408186e4bbccfd4996cb3dc -> 
  custom:framework-win-MediaFoundation: 216162199b28c13a410421893ffa2e32 -> 
  custom:CustomObjectIndexerAttribute: 72b91833f83ae208fae7752999fa3104 -> 
  custom:container-demuxer-webm: 4f35f7cbe854078d1ac9338744f61a02 -> 
  custom:container-muxer-webm: aa71ff27fc2769a1b78a27578f13a17b -> 
  custom:video-decoder-webm-vp8: 9c59270c3fd7afecdb556c50c9e8de78 -> 
  custom:SearchIndexIgnoredProperties: e643bd26f0fe6173181afceb89e7c659 -> 
  custom:AudioImporter_EditorPlatform: d09bf68614088b80899f8185d706f6e7 -> 
  custom:video-encoder-webm-vp8: eb34c28f22e8b96e1ab97ce403110664 -> 
  custom:audio-decoder-ogg-vorbis: bf7c407c2cedff20999df2af8eb42d56 -> 
  custom:audio-encoder-webm-vorbis: bf7c407c2cedff20999df2af8eb42d56 -> 
========================================================================
Received Import Request.
  Time since last request: 1710277.906535 seconds.
  path: Assets/Scripts/Player.cs
  artifactKey: Guid(6c69a3e271988e84e9aa9d97b0804ff9) Importer(815301076,1909f56bfc062723c751e8b465ee728b)
Start importing Assets/Scripts/Player.cs using Guid(6c69a3e271988e84e9aa9d97b0804ff9) Importer(815301076,1909f56bfc062723c751e8b465ee728b) [PhysX] Initialized MultithreadedTaskDispatcher with 12 workers.
 -> (artifact id: 'fa4bd06556a9ac9de75f8f1f60ef6073') in 0.006486 seconds
Number of updated asset objects reloaded before import = 0
Number of asset objects unloaded after import = 0
========================================================================
Received Prepare
Caller must complete domain reload
Begin MonoManager ReloadAssembly
- Loaded All Assemblies, in  0.505 seconds
Native extension for WindowsStandalone target not found
Native extension for Android target not found
Mono: successfully reloaded assembly
- Finished resetting the current domain, in  1.117 seconds
Domain Reload Profiling: 1622ms
	BeginReloadAssembly (167ms)
		ExecutionOrderSort (0ms)
		DisableScriptedObjects (4ms)
		BackupInstance (0ms)
		ReleaseScriptingObjects (0ms)
		CreateAndSetChildDomain (41ms)
	RebuildCommonClasses (38ms)
	RebuildNativeTypeToScriptingClass (12ms)
	initialDomainReloadingComplete (25ms)
	LoadAllAssembliesAndSetupDomain (262ms)
		LoadAssemblies (307ms)
		RebuildTransferFunctionScriptingTraits (0ms)
		AnalyzeDomain (49ms)
			TypeCache.Refresh (8ms)
				TypeCache.ScanAssembly (0ms)
			ScanForSourceGeneratedMonoScriptInfo (28ms)
			ResolveRequiredComponents (12ms)
	FinalizeReload (1118ms)
		ReleaseScriptCaches (0ms)
		RebuildScriptCaches (0ms)
		SetupLoadedEditorAssemblies (496ms)
			LogAssemblyErrors (0ms)
			InitializePlatformSupportModulesInManaged (20ms)
			SetLoadedEditorAssemblies (3ms)
			RefreshPlugins (0ms)
			BeforeProcessingInitializeOnLoad (66ms)
			ProcessInitializeOnLoadAttributes (346ms)
			ProcessInitializeOnLoadMethodAttributes (57ms)
			AfterProcessingInitializeOnLoad (3ms)
			EditorAssembliesLoaded (0ms)
		ExecutionOrderSort2 (0ms)
		AwakeInstancesAfterBackupRestoration (18ms)
Refreshing native plugins compatible for Editor in 4.66 ms, found 3 plugins.
Preloading 0 native plugins for Editor in 0.00 ms.
Unloading 5312 Unused Serialized files (Serialized files now loaded: 0)
Unloading 20 unused Assets / (387.2 KB). Loaded Objects now: 5947.
Memory consumption went from 184.4 MB to 184.0 MB.
Total: 5.564400 ms (FindLiveObjects: 0.831600 ms CreateObjectMapping: 0.241300 ms MarkObjects: 4.319800 ms  DeleteObjects: 0.170400 ms)

Prepare: number of updated asset objects reloaded= 0
AssetImportParameters requested are different than current active one (requested -> active):
  custom:container-demuxer-ogg: 62fdf1f143b41e24485cea50d1cbac27 -> 
  custom:video-decoder-ogg-theora: a1e56fd34408186e4bbccfd4996cb3dc -> 
  custom:framework-win-MediaFoundation: 216162199b28c13a410421893ffa2e32 -> 
  custom:CustomObjectIndexerAttribute: 72b91833f83ae208fae7752999fa3104 -> 
  custom:container-demuxer-webm: 4f35f7cbe854078d1ac9338744f61a02 -> 
  custom:container-muxer-webm: aa71ff27fc2769a1b78a27578f13a17b -> 
  custom:video-decoder-webm-vp8: 9c59270c3fd7afecdb556c50c9e8de78 -> 
  custom:SearchIndexIgnoredProperties: e643bd26f0fe6173181afceb89e7c659 -> 
  custom:AudioImporter_EditorPlatform: d09bf68614088b80899f8185d706f6e7 -> 
  custom:video-encoder-webm-vp8: eb34c28f22e8b96e1ab97ce403110664 -> 
  custom:audio-decoder-ogg-vorbis: bf7c407c2cedff20999df2af8eb42d56 -> 
  custom:audio-encoder-webm-vorbis: bf7c407c2cedff20999df2af8eb42d56 -> 
========================================================================
Received Prepare
Caller must complete domain reload
Begin MonoManager ReloadAssembly
- Loaded All Assemblies, in  0.400 seconds
Native extension for WindowsStandalone target not found
Native extension for Android target not found
Mono: successfully reloaded assembly
- Finished resetting the current domain, in  1.100 seconds
Domain Reload Profiling: 1499ms
	BeginReloadAssembly (139ms)
		ExecutionOrderSort (0ms)
		DisableScriptedObjects (4ms)
		BackupInstance (0ms)
		ReleaseScriptingObjects (0ms)
		CreateAndSetChildDomain (32ms)
	RebuildCommonClasses (36ms)
	RebuildNativeTypeToScriptingClass (12ms)
	initialDomainReloadingComplete (23ms)
	LoadAllAssembliesAndSetupDomain (190ms)
		LoadAssemblies (247ms)
		RebuildTransferFunctionScriptingTraits (0ms)
		AnalyzeDomain (18ms)
			TypeCache.Refresh (6ms)
				TypeCache.ScanAssembly (0ms)
			ScanForSourceGeneratedMonoScriptInfo (0ms)
			ResolveRequiredComponents (11ms)
	FinalizeReload (1100ms)
		ReleaseScriptCaches (0ms)
		RebuildScriptCaches (0ms)
		SetupLoadedEditorAssemblies (513ms)
			LogAssemblyErrors (0ms)
			InitializePlatformSupportModulesInManaged (14ms)
			SetLoadedEditorAssemblies (3ms)
			RefreshPlugins (0ms)
			BeforeProcessingInitializeOnLoad (67ms)
			ProcessInitializeOnLoadAttributes (360ms)
			ProcessInitializeOnLoadMethodAttributes (64ms)
			AfterProcessingInitializeOnLoad (4ms)
			EditorAssembliesLoaded (0ms)
		ExecutionOrderSort2 (0ms)
		AwakeInstancesAfterBackupRestoration (20ms)
Refreshing native plugins compatible for Editor in 5.04 ms, found 3 plugins.
Preloading 0 native plugins for Editor in 0.00 ms.
Unloading 5312 Unused Serialized files (Serialized files now loaded: 0)
Unloading 20 unused Assets / (387.2 KB). Loaded Objects now: 5963.
Memory consumption went from 184.4 MB to 184.0 MB.
Total: 5.315200 ms (FindLiveObjects: 0.789600 ms CreateObjectMapping: 0.266200 ms MarkObjects: 4.066500 ms  DeleteObjects: 0.191700 ms)

Prepare: number of updated asset objects reloaded= 0
AssetImportParameters requested are different than current active one (requested -> active):
  custom:container-demuxer-ogg: 62fdf1f143b41e24485cea50d1cbac27 -> 
  custom:video-decoder-ogg-theora: a1e56fd34408186e4bbccfd4996cb3dc -> 
  custom:framework-win-MediaFoundation: 216162199b28c13a410421893ffa2e32 -> 
  custom:CustomObjectIndexerAttribute: 72b91833f83ae208fae7752999fa3104 -> 
  custom:container-demuxer-webm: 4f35f7cbe854078d1ac9338744f61a02 -> 
  custom:container-muxer-webm: aa71ff27fc2769a1b78a27578f13a17b -> 
  custom:video-decoder-webm-vp8: 9c59270c3fd7afecdb556c50c9e8de78 -> 
  custom:SearchIndexIgnoredProperties: e643bd26f0fe6173181afceb89e7c659 -> 
  custom:AudioImporter_EditorPlatform: d09bf68614088b80899f8185d706f6e7 -> 
  custom:video-encoder-webm-vp8: eb34c28f22e8b96e1ab97ce403110664 -> 
  custom:audio-decoder-ogg-vorbis: bf7c407c2cedff20999df2af8eb42d56 -> 
  custom:audio-encoder-webm-vorbis: bf7c407c2cedff20999df2af8eb42d56 -> 
========================================================================
Received Import Request.
  Time since last request: 243.927691 seconds.
  path: Assets/Prefabs/Counters/ContainerCounter.prefab
  artifactKey: Guid(ff2292b42cd6eaa43b274e73991f893b) Importer(815301076,1909f56bfc062723c751e8b465ee728b)
Start importing Assets/Prefabs/Counters/ContainerCounter.prefab using Guid(ff2292b42cd6eaa43b274e73991f893b) Importer(815301076,1909f56bfc062723c751e8b465ee728b) [PhysX] Initialized MultithreadedTaskDispatcher with 12 workers.
[PhysX] Initialized MultithreadedTaskDispatcher with 12 workers.
 -> (artifact id: 'a6b1e4755b105d247cb05a9b9b7384ab') in 0.303583 seconds
Number of updated asset objects reloaded before import = 0
Number of asset objects unloaded after import = 173
========================================================================
Received Import Request.
  Time since last request: 7.548863 seconds.
  path: Assets/Prefabs/Counters/ContainerCounter_Flour.prefab
  artifactKey: Guid(4d8d9c22d209af44ea572aac3d4e3bc5) Importer(815301076,1909f56bfc062723c751e8b465ee728b)
Start importing Assets/Prefabs/Counters/ContainerCounter_Flour.prefab using Guid(4d8d9c22d209af44ea572aac3d4e3bc5) Importer(815301076,1909f56bfc062723c751e8b465ee728b) [PhysX] Initialized MultithreadedTaskDispatcher with 12 workers.
[PhysX] Initialized MultithreadedTaskDispatcher with 12 workers.
 -> (artifact id: '1dacee959d960f73064f4ffa93b349a7') in 0.024228 seconds
Number of updated asset objects reloaded before import = 0
Number of asset objects unloaded after import = 206
========================================================================
Received Import Request.
  Time since last request: 86.873217 seconds.
  path: Assets/Prefabs/Counters/ContainerCounter_Yeast.prefab
  artifactKey: Guid(a6e309ec6d61f4e41a50fc59b950b9da) Importer(815301076,1909f56bfc062723c751e8b465ee728b)
Start importing Assets/Prefabs/Counters/ContainerCounter_Yeast.prefab using Guid(a6e309ec6d61f4e41a50fc59b950b9da) Importer(815301076,1909f56bfc062723c751e8b465ee728b) [PhysX] Initialized MultithreadedTaskDispatcher with 12 workers.
[PhysX] Initialized MultithreadedTaskDispatcher with 12 workers.
 -> (artifact id: 'e5fbbb429c34ec66cfdd7b23ca3f18d2') in 0.019154 seconds
Number of updated asset objects reloaded before import = 0
Number of asset objects unloaded after import = 206
========================================================================
Received Import Request.
  Time since last request: 126.673509 seconds.
  path: Assets/ScriptableObjects/KitchenObjectSO/Water.asset
  artifactKey: Guid(b12a8840bd411f041873d46b3210d78f) Importer(815301076,1909f56bfc062723c751e8b465ee728b)
Start importing Assets/ScriptableObjects/KitchenObjectSO/Water.asset using Guid(b12a8840bd411f041873d46b3210d78f) Importer(815301076,1909f56bfc062723c751e8b465ee728b) [PhysX] Initialized MultithreadedTaskDispatcher with 12 workers.
 -> (artifact id: '2fbf8111889c3e27400c9520fbf10ef6') in 0.001282 seconds
Number of updated asset objects reloaded before import = 0
Number of asset objects unloaded after import = 1
========================================================================
Received Import Request.
  Time since last request: 53.401597 seconds.
  path: Assets/Prefabs/KitchenObjects/Flour.prefab
  artifactKey: Guid(41ad36da6a3b86142a9056e7e78ddb55) Importer(815301076,1909f56bfc062723c751e8b465ee728b)
Start importing Assets/Prefabs/KitchenObjects/Flour.prefab using Guid(41ad36da6a3b86142a9056e7e78ddb55) Importer(815301076,1909f56bfc062723c751e8b465ee728b) [PhysX] Initialized MultithreadedTaskDispatcher with 12 workers.
[PhysX] Initialized MultithreadedTaskDispatcher with 12 workers.
 -> (artifact id: '117368f7ceffcc88d383c0aaadd6ce2b') in 0.010240 seconds
Number of updated asset objects reloaded before import = 0
Number of asset objects unloaded after import = 34
========================================================================
Received Import Request.
  Time since last request: 0.556931 seconds.
  path: Assets/Prefabs/KitchenObjects/Yeast.prefab
  artifactKey: Guid(1ae8eee9dd82d524aa815a398319feae) Importer(815301076,1909f56bfc062723c751e8b465ee728b)
Start importing Assets/Prefabs/KitchenObjects/Yeast.prefab using Guid(1ae8eee9dd82d524aa815a398319feae) Importer(815301076,1909f56bfc062723c751e8b465ee728b) [PhysX] Initialized MultithreadedTaskDispatcher with 12 workers.
[PhysX] Initialized MultithreadedTaskDispatcher with 12 workers.
 -> (artifact id: '856baed52a210bfced17c387c2afe922') in 0.010139 seconds
Number of updated asset objects reloaded before import = 0
Number of asset objects unloaded after import = 34
========================================================================
Received Import Request.
  Time since last request: 14.204583 seconds.
  path: Assets/Food Pack Mixed/Prefabs/WhiteCreamCheese_41 Tris.prefab
  artifactKey: Guid(4f2881ce5dce9be4bbdcaf2ea1faa638) Importer(815301076,1909f56bfc062723c751e8b465ee728b)
Start importing Assets/Food Pack Mixed/Prefabs/WhiteCreamCheese_41 Tris.prefab using Guid(4f2881ce5dce9be4bbdcaf2ea1faa638) Importer(815301076,1909f56bfc062723c751e8b465ee728b) [PhysX] Initialized MultithreadedTaskDispatcher with 12 workers.
[PhysX] Initialized MultithreadedTaskDispatcher with 12 workers.
 -> (artifact id: 'cfcbf6af25c601b86282032034d1c931') in 0.013803 seconds
Number of updated asset objects reloaded before import = 0
Number of asset objects unloaded after import = 20
========================================================================
Received Import Request.
  Time since last request: 0.540264 seconds.
  path: Assets/Food Pack Mixed/Prefabs/Yogurt_41 Tris.prefab
  artifactKey: Guid(62aff30fa9c9d01419de0b76034f723b) Importer(815301076,1909f56bfc062723c751e8b465ee728b)
Start importing Assets/Food Pack Mixed/Prefabs/Yogurt_41 Tris.prefab using Guid(62aff30fa9c9d01419de0b76034f723b) Importer(815301076,1909f56bfc062723c751e8b465ee728b) [PhysX] Initialized MultithreadedTaskDispatcher with 12 workers.
[PhysX] Initialized MultithreadedTaskDispatcher with 12 workers.
 -> (artifact id: '6faaddd4306693ead0a5e547e7162e11') in 0.023832 seconds
Number of updated asset objects reloaded before import = 0
Number of asset objects unloaded after import = 20
========================================================================
Received Import Request.
  Time since last request: 1.364323 seconds.
  path: Assets/Food Pack Mixed/Prefabs/VanillaExtract_NoVariants (761 tris).prefab
  artifactKey: Guid(6a7f9fef53fe12d4fb1f9cc72c88b568) Importer(815301076,1909f56bfc062723c751e8b465ee728b)
Start importing Assets/Food Pack Mixed/Prefabs/VanillaExtract_NoVariants (761 tris).prefab using Guid(6a7f9fef53fe12d4fb1f9cc72c88b568) Importer(815301076,1909f56bfc062723c751e8b465ee728b) [PhysX] Initialized MultithreadedTaskDispatcher with 12 workers.
[PhysX] Initialized MultithreadedTaskDispatcher with 12 workers.
 -> (artifact id: '7b13f79718840e1473619204c9112e13') in 0.011540 seconds
Number of updated asset objects reloaded before import = 0
Number of asset objects unloaded after import = 13
========================================================================
Received Import Request.
  Time since last request: 0.675850 seconds.
  path: Assets/Food Pack Mixed/Prefabs/TomatoSoup.prefab
  artifactKey: Guid(30b4fdb878d30ed4785dd14c0ec69b1c) Importer(815301076,1909f56bfc062723c751e8b465ee728b)
Start importing Assets/Food Pack Mixed/Prefabs/TomatoSoup.prefab using Guid(30b4fdb878d30ed4785dd14c0ec69b1c) Importer(815301076,1909f56bfc062723c751e8b465ee728b) [PhysX] Initialized MultithreadedTaskDispatcher with 12 workers.
[PhysX] Initialized MultithreadedTaskDispatcher with 12 workers.
 -> (artifact id: 'c1f0bc9db4104ca57836605ac6630ca2') in 0.015631 seconds
Number of updated asset objects reloaded before import = 0
Number of asset objects unloaded after import = 24
========================================================================
Received Import Request.
  Time since last request: 1.602434 seconds.
  path: Assets/Food Pack Mixed/Prefabs/TomatoPuree_41 Tris.prefab
  artifactKey: Guid(31e2b91e762f6f74984b7dfa41880b93) Importer(815301076,1909f56bfc062723c751e8b465ee728b)
Start importing Assets/Food Pack Mixed/Prefabs/TomatoPuree_41 Tris.prefab using Guid(31e2b91e762f6f74984b7dfa41880b93) Importer(815301076,1909f56bfc062723c751e8b465ee728b) [PhysX] Initialized MultithreadedTaskDispatcher with 12 workers.
[PhysX] Initialized MultithreadedTaskDispatcher with 12 workers.
 -> (artifact id: '3db69adcc70eae416142b2076b4d6945') in 0.010327 seconds
Number of updated asset objects reloaded before import = 0
Number of asset objects unloaded after import = 20
========================================================================
Received Import Request.
  Time since last request: 0.665658 seconds.
  path: Assets/Food Pack Mixed/Prefabs/Tomato.prefab
  artifactKey: Guid(631b072a88243ca4c99acaa4414cd28f) Importer(815301076,1909f56bfc062723c751e8b465ee728b)
Start importing Assets/Food Pack Mixed/Prefabs/Tomato.prefab using Guid(631b072a88243ca4c99acaa4414cd28f) Importer(815301076,1909f56bfc062723c751e8b465ee728b) [PhysX] Initialized MultithreadedTaskDispatcher with 12 workers.
[PhysX] Initialized MultithreadedTaskDispatcher with 12 workers.
 -> (artifact id: '852eaa69803aef0a6abff99f42b43952') in 0.016257 seconds
Number of updated asset objects reloaded before import = 0
Number of asset objects unloaded after import = 64
========================================================================
Received Import Request.
  Time since last request: 0.311511 seconds.
  path: Assets/Food Pack Mixed/Prefabs/SodaCan.prefab
  artifactKey: Guid(46acc2e8b243bdc47bb1184ba8b1091b) Importer(815301076,1909f56bfc062723c751e8b465ee728b)
Start importing Assets/Food Pack Mixed/Prefabs/SodaCan.prefab using Guid(46acc2e8b243bdc47bb1184ba8b1091b) Importer(815301076,1909f56bfc062723c751e8b465ee728b) [PhysX] Initialized MultithreadedTaskDispatcher with 12 workers.
[PhysX] Initialized MultithreadedTaskDispatcher with 12 workers.
 -> (artifact id: '00b0c30fbb76acd763d964f9d74863c2') in 0.012747 seconds
Number of updated asset objects reloaded before import = 0
Number of asset objects unloaded after import = 47
========================================================================
Received Import Request.
  Time since last request: 0.460369 seconds.
  path: Assets/Food Pack Mixed/Prefabs/Skinned_Chicken.prefab
  artifactKey: Guid(86404d6d44e2f834cbc72d8014f193cf) Importer(815301076,1909f56bfc062723c751e8b465ee728b)
Start importing Assets/Food Pack Mixed/Prefabs/Skinned_Chicken.prefab using Guid(86404d6d44e2f834cbc72d8014f193cf) Importer(815301076,1909f56bfc062723c751e8b465ee728b) [PhysX] Initialized MultithreadedTaskDispatcher with 12 workers.
[PhysX] Initialized MultithreadedTaskDispatcher with 12 workers.
 -> (artifact id: '65942b646c375402006b98be51eb1afe') in 0.012066 seconds
Number of updated asset objects reloaded before import = 0
Number of asset objects unloaded after import = 24
========================================================================
Received Import Request.
  Time since last request: 0.486978 seconds.
  path: Assets/Food Pack Mixed/Prefabs/Potato.prefab
  artifactKey: Guid(14a510790c4486a4e9105dca33b4c366) Importer(815301076,1909f56bfc062723c751e8b465ee728b)
Start importing Assets/Food Pack Mixed/Prefabs/Potato.prefab using Guid(14a510790c4486a4e9105dca33b4c366) Importer(815301076,1909f56bfc062723c751e8b465ee728b) [PhysX] Initialized MultithreadedTaskDispatcher with 12 workers.
[PhysX] Initialized MultithreadedTaskDispatcher with 12 workers.
 -> (artifact id: '95e4fc91905d03678301cf71102ff234') in 0.018236 seconds
Number of updated asset objects reloaded before import = 0
Number of asset objects unloaded after import = 23
========================================================================
Received Import Request.
  Time since last request: 0.678760 seconds.
  path: Assets/Food Pack Mixed/Prefabs/OreganoPowder.prefab
  artifactKey: Guid(12a8baff72b45b14a90997f41d99d70e) Importer(815301076,1909f56bfc062723c751e8b465ee728b)
Start importing Assets/Food Pack Mixed/Prefabs/OreganoPowder.prefab using Guid(12a8baff72b45b14a90997f41d99d70e) Importer(815301076,1909f56bfc062723c751e8b465ee728b) [PhysX] Initialized MultithreadedTaskDispatcher with 12 workers.
[PhysX] Initialized MultithreadedTaskDispatcher with 12 workers.
 -> (artifact id: 'a5d51fcad659081aa5d93d792c520ad9') in 0.014561 seconds
Number of updated asset objects reloaded before import = 0
Number of asset objects unloaded after import = 22
========================================================================
Received Import Request.
  Time since last request: 202.893729 seconds.
  path: Assets/Food Pack Mixed/Prefabs/Coffee Beans.prefab
  artifactKey: Guid(a3c99d807c3f721468e9d4e57edc49db) Importer(815301076,1909f56bfc062723c751e8b465ee728b)
Start importing Assets/Food Pack Mixed/Prefabs/Coffee Beans.prefab using Guid(a3c99d807c3f721468e9d4e57edc49db) Importer(815301076,1909f56bfc062723c751e8b465ee728b) [PhysX] Initialized MultithreadedTaskDispatcher with 12 workers.
[PhysX] Initialized MultithreadedTaskDispatcher with 12 workers.
 -> (artifact id: '2a36a90f9d066b32767d02b40db945ba') in 0.017840 seconds
Number of updated asset objects reloaded before import = 0
Number of asset objects unloaded after import = 60
========================================================================
Received Import Request.
  Time since last request: 0.505916 seconds.
  path: Assets/Food Pack Mixed/Prefabs/Dried Yeast.prefab
  artifactKey: Guid(fe6aaa943b039ff41b1e7d6409a29c32) Importer(815301076,1909f56bfc062723c751e8b465ee728b)
Start importing Assets/Food Pack Mixed/Prefabs/Dried Yeast.prefab using Guid(fe6aaa943b039ff41b1e7d6409a29c32) Importer(815301076,1909f56bfc062723c751e8b465ee728b) [PhysX] Initialized MultithreadedTaskDispatcher with 12 workers.
[PhysX] Initialized MultithreadedTaskDispatcher with 12 workers.
 -> (artifact id: '84b748f036dc17b9fc684dd98a8562ed') in 0.032809 seconds
Number of updated asset objects reloaded before import = 0
Number of asset objects unloaded after import = 21
========================================================================
Received Import Request.
  Time since last request: 0.321576 seconds.
  path: Assets/Food Pack Mixed/Prefabs/DriedGarlicPowder.prefab
  artifactKey: Guid(d29d283951cbb694ba0a4e7da9b5ec98) Importer(815301076,1909f56bfc062723c751e8b465ee728b)
Start importing Assets/Food Pack Mixed/Prefabs/DriedGarlicPowder.prefab using Guid(d29d283951cbb694ba0a4e7da9b5ec98) Importer(815301076,1909f56bfc062723c751e8b465ee728b) [PhysX] Initialized MultithreadedTaskDispatcher with 12 workers.
[PhysX] Initialized MultithreadedTaskDispatcher with 12 workers.
 -> (artifact id: 'fa8f113bfbcc03a07d675efae4bc4a4e') in 0.016471 seconds
Number of updated asset objects reloaded before import = 0
Number of asset objects unloaded after import = 22
========================================================================
Received Import Request.
  Time since last request: 0.444134 seconds.
  path: Assets/Food Pack Mixed/Prefabs/egg.prefab
  artifactKey: Guid(cd34e36aeaf1bad4095970c60043ab39) Importer(815301076,1909f56bfc062723c751e8b465ee728b)
Start importing Assets/Food Pack Mixed/Prefabs/egg.prefab using Guid(cd34e36aeaf1bad4095970c60043ab39) Importer(815301076,1909f56bfc062723c751e8b465ee728b) [PhysX] Initialized MultithreadedTaskDispatcher with 12 workers.
[PhysX] Initialized MultithreadedTaskDispatcher with 12 workers.
 -> (artifact id: '2175db0422d90176e3fd1e9fac3c4176') in 0.013512 seconds
Number of updated asset objects reloaded before import = 0
Number of asset objects unloaded after import = 23
========================================================================
Received Import Request.
  Time since last request: 1.353532 seconds.
  path: Assets/Food Pack Mixed/Prefabs/Lemons.prefab
  artifactKey: Guid(36b4ce1b2885e114bafc397bc5e33db5) Importer(815301076,1909f56bfc062723c751e8b465ee728b)
Start importing Assets/Food Pack Mixed/Prefabs/Lemons.prefab using Guid(36b4ce1b2885e114bafc397bc5e33db5) Importer(815301076,1909f56bfc062723c751e8b465ee728b) [PhysX] Initialized MultithreadedTaskDispatcher with 12 workers.
[PhysX] Initialized MultithreadedTaskDispatcher with 12 workers.
 -> (artifact id: '1831e25d58bd3eaaded05b992ae6e2bf') in 0.015843 seconds
Number of updated asset objects reloaded before import = 0
Number of asset objects unloaded after import = 43
========================================================================
Received Import Request.
  Time since last request: 0.278878 seconds.
  path: Assets/Food Pack Mixed/Prefabs/MincedBeef.prefab
  artifactKey: Guid(1d9df283f9aaa1f46affda151512363b) Importer(815301076,1909f56bfc062723c751e8b465ee728b)
Start importing Assets/Food Pack Mixed/Prefabs/MincedBeef.prefab using Guid(1d9df283f9aaa1f46affda151512363b) Importer(815301076,1909f56bfc062723c751e8b465ee728b) [PhysX] Initialized MultithreadedTaskDispatcher with 12 workers.
[PhysX] Initialized MultithreadedTaskDispatcher with 12 workers.
 -> (artifact id: '23c606cf4ad43c9308cbed1239d265e9') in 0.043669 seconds
Number of updated asset objects reloaded before import = 0
Number of asset objects unloaded after import = 23
========================================================================
Received Import Request.
  Time since last request: 0.777528 seconds.
  path: Assets/Food Pack Mixed/Prefabs/Meat.prefab
  artifactKey: Guid(186bb226158075c44bd820fdc0afb740) Importer(815301076,1909f56bfc062723c751e8b465ee728b)
Start importing Assets/Food Pack Mixed/Prefabs/Meat.prefab using Guid(186bb226158075c44bd820fdc0afb740) Importer(815301076,1909f56bfc062723c751e8b465ee728b) [PhysX] Initialized MultithreadedTaskDispatcher with 12 workers.
[PhysX] Initialized MultithreadedTaskDispatcher with 12 workers.
 -> (artifact id: 'a7b97b7c1fc4a618fa76a8646e7638ad') in 0.011784 seconds
Number of updated asset objects reloaded before import = 0
Number of asset objects unloaded after import = 23
========================================================================
Received Import Request.
  Time since last request: 14.542018 seconds.
  path: Assets/ScriptableObjects/KitchenObjectSO/Dough.asset
  artifactKey: Guid(ec2fdbee6344be04c8f94d342bc464d0) Importer(815301076,1909f56bfc062723c751e8b465ee728b)
Start importing Assets/ScriptableObjects/KitchenObjectSO/Dough.asset using Guid(ec2fdbee6344be04c8f94d342bc464d0) Importer(815301076,1909f56bfc062723c751e8b465ee728b) [PhysX] Initialized MultithreadedTaskDispatcher with 12 workers.
 -> (artifact id: 'dfbdfbecf948c14272c23e78bb937e60') in 0.001180 seconds
Number of updated asset objects reloaded before import = 0
Number of asset objects unloaded after import = 1
========================================================================
Received Import Request.
  Time since last request: 25.020872 seconds.
  path: Assets/Prefabs/KitchenObjects/MincedBeef.prefab
  artifactKey: Guid(be28c48baf2a34842afa4a9541b75589) Importer(815301076,1909f56bfc062723c751e8b465ee728b)
Start importing Assets/Prefabs/KitchenObjects/MincedBeef.prefab using Guid(be28c48baf2a34842afa4a9541b75589) Importer(815301076,1909f56bfc062723c751e8b465ee728b) [PhysX] Initialized MultithreadedTaskDispatcher with 12 workers.
[PhysX] Initialized MultithreadedTaskDispatcher with 12 workers.
 -> (artifact id: 'a94deac885bbe778c36ffaf085c31571') in 0.026335 seconds
Number of updated asset objects reloaded before import = 0
Number of asset objects unloaded after import = 23
========================================================================
Received Import Request.
  Time since last request: 26.465663 seconds.
  path: Assets/Prefabs/KitchenObjects/MincedBeef.prefab
  artifactKey: Guid(be28c48baf2a34842afa4a9541b75589) Importer(815301076,1909f56bfc062723c751e8b465ee728b)
Start importing Assets/Prefabs/KitchenObjects/MincedBeef.prefab using Guid(be28c48baf2a34842afa4a9541b75589) Importer(815301076,1909f56bfc062723c751e8b465ee728b) [PhysX] Initialized MultithreadedTaskDispatcher with 12 workers.
[PhysX] Initialized MultithreadedTaskDispatcher with 12 workers.
 -> (artifact id: '76dc9c66dbcc1828af48b1212452a3f4') in 0.007622 seconds
Number of updated asset objects reloaded before import = 0
Number of asset objects unloaded after import = 13
========================================================================
Received Import Request.
  Time since last request: 151.262144 seconds.
  path: Assets/Prefabs/KitchenObjects/MincedBeef.prefab
  artifactKey: Guid(be28c48baf2a34842afa4a9541b75589) Importer(815301076,1909f56bfc062723c751e8b465ee728b)
Start importing Assets/Prefabs/KitchenObjects/MincedBeef.prefab using Guid(be28c48baf2a34842afa4a9541b75589) Importer(815301076,1909f56bfc062723c751e8b465ee728b) [PhysX] Initialized MultithreadedTaskDispatcher with 12 workers.
[PhysX] Initialized MultithreadedTaskDispatcher with 12 workers.
 -> (artifact id: '698fa7e8585ef10cf090bea098ca4657') in 0.007898 seconds
Number of updated asset objects reloaded before import = 0
Number of asset objects unloaded after import = 13
========================================================================
Received Import Request.
  Time since last request: 3.944374 seconds.
  path: Assets/Food Pack Mixed/Textures/WhiteCreamCheese.png
  artifactKey: Guid(b8af2bcbfc48840438ab157349a10f60) Importer(815301076,1909f56bfc062723c751e8b465ee728b)
Start importing Assets/Food Pack Mixed/Textures/WhiteCreamCheese.png using Guid(b8af2bcbfc48840438ab157349a10f60) Importer(815301076,1909f56bfc062723c751e8b465ee728b) [PhysX] Initialized MultithreadedTaskDispatcher with 12 workers.
[PhysX] Initialized MultithreadedTaskDispatcher with 12 workers.
 -> (artifact id: 'c55601c5a74c4bd737fd9938a60b40b3') in 0.022764 seconds
Number of updated asset objects reloaded before import = 0
Number of asset objects unloaded after import = 2
========================================================================
Received Import Request.
  Time since last request: 0.531134 seconds.
  path: Assets/Food Pack Mixed/Textures/VanillaExtractLabel.png
  artifactKey: Guid(26d845919f0648d429a277d4773666f1) Importer(815301076,1909f56bfc062723c751e8b465ee728b)
Start importing Assets/Food Pack Mixed/Textures/VanillaExtractLabel.png using Guid(26d845919f0648d429a277d4773666f1) Importer(815301076,1909f56bfc062723c751e8b465ee728b) [PhysX] Initialized MultithreadedTaskDispatcher with 12 workers.
[PhysX] Initialized MultithreadedTaskDispatcher with 12 workers.
 -> (artifact id: 'f2ffd6261462542f3c6e01833f268c7b') in 0.005149 seconds
Number of updated asset objects reloaded before import = 0
Number of asset objects unloaded after import = 2
========================================================================
Received Import Request.
  Time since last request: 0.393243 seconds.
  path: Assets/Food Pack Mixed/Textures/TomatoSoup.png
  artifactKey: Guid(d78a5d3e2ae715043b33cf374ebe3bc4) Importer(815301076,1909f56bfc062723c751e8b465ee728b)
Start importing Assets/Food Pack Mixed/Textures/TomatoSoup.png using Guid(d78a5d3e2ae715043b33cf374ebe3bc4) Importer(815301076,1909f56bfc062723c751e8b465ee728b) [PhysX] Initialized MultithreadedTaskDispatcher with 12 workers.
[PhysX] Initialized MultithreadedTaskDispatcher with 12 workers.
 -> (artifact id: '6971d5634aaaaa485da6f73844fdac85') in 0.006730 seconds
Number of updated asset objects reloaded before import = 0
Number of asset objects unloaded after import = 2
========================================================================
Received Import Request.
  Time since last request: 1.231204 seconds.
  path: Assets/Food Pack Mixed/Textures/TomatoPureeSurface_Color.png
  artifactKey: Guid(6b4ce70b50d40584b85cce47c8d9d660) Importer(815301076,1909f56bfc062723c751e8b465ee728b)
Start importing Assets/Food Pack Mixed/Textures/TomatoPureeSurface_Color.png using Guid(6b4ce70b50d40584b85cce47c8d9d660) Importer(815301076,1909f56bfc062723c751e8b465ee728b) [PhysX] Initialized MultithreadedTaskDispatcher with 12 workers.
[PhysX] Initialized MultithreadedTaskDispatcher with 12 workers.
 -> (artifact id: '2a44bab3e3077266a716e12f54a77405') in 0.005639 seconds
Number of updated asset objects reloaded before import = 0
Number of asset objects unloaded after import = 2
========================================================================
Received Import Request.
  Time since last request: 0.643304 seconds.
  path: Assets/Food Pack Mixed/Textures/TomatoHead.png
  artifactKey: Guid(1810553517bd1694197fa177d6e821cf) Importer(815301076,1909f56bfc062723c751e8b465ee728b)
Start importing Assets/Food Pack Mixed/Textures/TomatoHead.png using Guid(1810553517bd1694197fa177d6e821cf) Importer(815301076,1909f56bfc062723c751e8b465ee728b) [PhysX] Initialized MultithreadedTaskDispatcher with 12 workers.
[PhysX] Initialized MultithreadedTaskDispatcher with 12 workers.
 -> (artifact id: '65f09f63218873deb1c8cee785d327fe') in 0.005973 seconds
Number of updated asset objects reloaded before import = 0
Number of asset objects unloaded after import = 2
========================================================================
Received Import Request.
  Time since last request: 1.261286 seconds.
  path: Assets/Food Pack Mixed/Textures/TomatoCrossection.png
  artifactKey: Guid(cfb58a43c6d6c80449a00e90842c2b24) Importer(815301076,1909f56bfc062723c751e8b465ee728b)
Start importing Assets/Food Pack Mixed/Textures/TomatoCrossection.png using Guid(cfb58a43c6d6c80449a00e90842c2b24) Importer(815301076,1909f56bfc062723c751e8b465ee728b) [PhysX] Initialized MultithreadedTaskDispatcher with 12 workers.
[PhysX] Initialized MultithreadedTaskDispatcher with 12 workers.
 -> (artifact id: '4a75c254b5467d023c623b1f057a7cb9') in 0.006148 seconds
Number of updated asset objects reloaded before import = 0
Number of asset objects unloaded after import = 2
========================================================================
Received Import Request.
  Time since last request: 0.673908 seconds.
  path: Assets/Food Pack Mixed/Textures/TomatoBody.png
  artifactKey: Guid(1145271305fc6a249abb41be8bb4af05) Importer(815301076,1909f56bfc062723c751e8b465ee728b)
Start importing Assets/Food Pack Mixed/Textures/TomatoBody.png using Guid(1145271305fc6a249abb41be8bb4af05) Importer(815301076,1909f56bfc062723c751e8b465ee728b) [PhysX] Initialized MultithreadedTaskDispatcher with 12 workers.
[PhysX] Initialized MultithreadedTaskDispatcher with 12 workers.
 -> (artifact id: '631ab8911e04ff73692e89cd6ec7e2d4') in 0.005495 seconds
Number of updated asset objects reloaded before import = 0
Number of asset objects unloaded after import = 2
========================================================================
Received Import Request.
  Time since last request: 0.524640 seconds.
  path: Assets/Food Pack Mixed/Textures/SugarHeightMap.png
  artifactKey: Guid(6a4b9e354a58396409ef6561aa92d190) Importer(815301076,1909f56bfc062723c751e8b465ee728b)
Start importing Assets/Food Pack Mixed/Textures/SugarHeightMap.png using Guid(6a4b9e354a58396409ef6561aa92d190) Importer(815301076,1909f56bfc062723c751e8b465ee728b) [PhysX] Initialized MultithreadedTaskDispatcher with 12 workers.
[PhysX] Initialized MultithreadedTaskDispatcher with 12 workers.
 -> (artifact id: '391d3e712806c60443f82d37ee7d3958') in 0.006101 seconds
Number of updated asset objects reloaded before import = 0
Number of asset objects unloaded after import = 2
========================================================================
Received Import Request.
  Time since last request: 42.685167 seconds.
  path: Assets/Food Pack Mixed/Meshes/Carrots.fbx
  artifactKey: Guid(e6a64120721d9414eb57323cb227502e) Importer(815301076,1909f56bfc062723c751e8b465ee728b)
Start importing Assets/Food Pack Mixed/Meshes/Carrots.fbx using Guid(e6a64120721d9414eb57323cb227502e) Importer(815301076,1909f56bfc062723c751e8b465ee728b) [PhysX] Initialized MultithreadedTaskDispatcher with 12 workers.
[PhysX] Initialized MultithreadedTaskDispatcher with 12 workers.
[PhysX] Initialized MultithreadedTaskDispatcher with 12 workers.
[PhysX] Initialized MultithreadedTaskDispatcher with 12 workers.
[PhysX] Initialized MultithreadedTaskDispatcher with 12 workers.
[PhysX] Initialized MultithreadedTaskDispatcher with 12 workers.
[PhysX] Initialized MultithreadedTaskDispatcher with 12 workers.
[PhysX] Initialized MultithreadedTaskDispatcher with 12 workers.
[PhysX] Initialized MultithreadedTaskDispatcher with 12 workers.
[PhysX] Initialized MultithreadedTaskDispatcher with 12 workers.
[PhysX] Initialized MultithreadedTaskDispatcher with 12 workers.
[PhysX] Initialized MultithreadedTaskDispatcher with 12 workers.
[PhysX] Initialized MultithreadedTaskDispatcher with 12 workers.
[PhysX] Initialized MultithreadedTaskDispatcher with 12 workers.
[PhysX] Initialized MultithreadedTaskDispatcher with 12 workers.
[PhysX] Initialized MultithreadedTaskDispatcher with 12 workers.
[PhysX] Initialized MultithreadedTaskDispatcher with 12 workers.
[PhysX] Initialized MultithreadedTaskDispatcher with 12 workers.
[PhysX] Initialized MultithreadedTaskDispatcher with 12 workers.
[PhysX] Initialized MultithreadedTaskDispatcher with 12 workers.
[PhysX] Initialized MultithreadedTaskDispatcher with 12 workers.
 -> (artifact id: '59d679c9626a13ec9f35225bac68b52c') in 0.147970 seconds
Number of updated asset objects reloaded before import = 0
Number of asset objects unloaded after import = 53
========================================================================
Received Import Request.
  Time since last request: 0.000028 seconds.
  path: Assets/Food Pack Mixed/Meshes/Skinned_Chicken.fbx
  artifactKey: Guid(795242f075184cc48b2c6d9dda31a009) Importer(815301076,1909f56bfc062723c751e8b465ee728b)
Start importing Assets/Food Pack Mixed/Meshes/Skinned_Chicken.fbx using Guid(795242f075184cc48b2c6d9dda31a009) Importer(815301076,1909f56bfc062723c751e8b465ee728b) [PhysX] Initialized MultithreadedTaskDispatcher with 12 workers.
[PhysX] Initialized MultithreadedTaskDispatcher with 12 workers.
[PhysX] Initialized MultithreadedTaskDispatcher with 12 workers.
[PhysX] Initialized MultithreadedTaskDispatcher with 12 workers.
[PhysX] Initialized MultithreadedTaskDispatcher with 12 workers.
[PhysX] Initialized MultithreadedTaskDispatcher with 12 workers.
[PhysX] Initialized MultithreadedTaskDispatcher with 12 workers.
[PhysX] Initialized MultithreadedTaskDispatcher with 12 workers.
[PhysX] Initialized MultithreadedTaskDispatcher with 12 workers.
 -> (artifact id: 'a97dc26968d357f9b81ec643be2062c4') in 0.061266 seconds
Number of updated asset objects reloaded before import = 0
Number of asset objects unloaded after import = 23
========================================================================
Received Import Request.
  Time since last request: 0.000027 seconds.
  path: Assets/Food Pack Mixed/Materials/Yogurt.mat
  artifactKey: Guid(03ba5f4109a163744bf202e1abbac726) Importer(815301076,1909f56bfc062723c751e8b465ee728b)
Start importing Assets/Food Pack Mixed/Materials/Yogurt.mat using Guid(03ba5f4109a163744bf202e1abbac726) Importer(815301076,1909f56bfc062723c751e8b465ee728b) [PhysX] Initialized MultithreadedTaskDispatcher with 12 workers.
[PhysX] Initialized MultithreadedTaskDispatcher with 12 workers.
 -> (artifact id: '1cfdfec849c021904252373a5c304926') in 0.014285 seconds
Number of updated asset objects reloaded before import = 0
Number of asset objects unloaded after import = 3
========================================================================
Received Import Request.
  Time since last request: 0.000021 seconds.
  path: Assets/Food Pack Mixed/Meshes/Cheese.fbx
  artifactKey: Guid(ac178adc44d1a8342b828a2bb154a083) Importer(815301076,1909f56bfc062723c751e8b465ee728b)
Start importing Assets/Food Pack Mixed/Meshes/Cheese.fbx using Guid(ac178adc44d1a8342b828a2bb154a083) Importer(815301076,1909f56bfc062723c751e8b465ee728b) [PhysX] Initialized MultithreadedTaskDispatcher with 12 workers.
[PhysX] Initialized MultithreadedTaskDispatcher with 12 workers.
[PhysX] Initialized MultithreadedTaskDispatcher with 12 workers.
[PhysX] Initialized MultithreadedTaskDispatcher with 12 workers.
[PhysX] Initialized MultithreadedTaskDispatcher with 12 workers.
[PhysX] Initialized MultithreadedTaskDispatcher with 12 workers.
[PhysX] Initialized MultithreadedTaskDispatcher with 12 workers.
[PhysX] Initialized MultithreadedTaskDispatcher with 12 workers.
[PhysX] Initialized MultithreadedTaskDispatcher with 12 workers.
 -> (artifact id: '37222a22fb96e8e9538abedaeaff7c2f') in 0.055968 seconds
Number of updated asset objects reloaded before import = 0
Number of asset objects unloaded after import = 23
========================================================================
Received Import Request.
  Time since last request: 0.000022 seconds.
  path: Assets/Food Pack Mixed/Materials/OliveOilBottle.mat
  artifactKey: Guid(b0d88ccfcc66fc146b1e58a520f1b6ad) Importer(815301076,1909f56bfc062723c751e8b465ee728b)
Start importing Assets/Food Pack Mixed/Materials/OliveOilBottle.mat using Guid(b0d88ccfcc66fc146b1e58a520f1b6ad) Importer(815301076,1909f56bfc062723c751e8b465ee728b) [PhysX] Initialized MultithreadedTaskDispatcher with 12 workers.
[PhysX] Initialized MultithreadedTaskDispatcher with 12 workers.
 -> (artifact id: '9ddca2e7e84241e8a3264a223e34fab9') in 0.011839 seconds
Number of updated asset objects reloaded before import = 0
Number of asset objects unloaded after import = 2
========================================================================
Received Import Request.
  Time since last request: 0.000019 seconds.
  path: Assets/Food Pack Mixed/Meshes/SodaCan.fbx
  artifactKey: Guid(5e6b2dd74fe53544f9e1b74530bdaa62) Importer(815301076,1909f56bfc062723c751e8b465ee728b)
Start importing Assets/Food Pack Mixed/Meshes/SodaCan.fbx using Guid(5e6b2dd74fe53544f9e1b74530bdaa62) Importer(815301076,1909f56bfc062723c751e8b465ee728b) [PhysX] Initialized MultithreadedTaskDispatcher with 12 workers.
[PhysX] Initialized MultithreadedTaskDispatcher with 12 workers.
[PhysX] Initialized MultithreadedTaskDispatcher with 12 workers.
[PhysX] Initialized MultithreadedTaskDispatcher with 12 workers.
[PhysX] Initialized MultithreadedTaskDispatcher with 12 workers.
[PhysX] Initialized MultithreadedTaskDispatcher with 12 workers.
[PhysX] Initialized MultithreadedTaskDispatcher with 12 workers.
[PhysX] Initialized MultithreadedTaskDispatcher with 12 workers.
[PhysX] Initialized MultithreadedTaskDispatcher with 12 workers.
[PhysX] Initialized MultithreadedTaskDispatcher with 12 workers.
[PhysX] Initialized MultithreadedTaskDispatcher with 12 workers.
[PhysX] Initialized MultithreadedTaskDispatcher with 12 workers.
 -> (artifact id: '7ff14275c06dd57baf5c6add27a914d0') in 0.083434 seconds
Number of updated asset objects reloaded before import = 0
Number of asset objects unloaded after import = 44
========================================================================
Received Import Request.
  Time since last request: 0.000025 seconds.
  path: Assets/Food Pack Mixed/Materials/TomatoHead.mat
  artifactKey: Guid(130f84e4b594b3241bc431867a137c7f) Importer(815301076,1909f56bfc062723c751e8b465ee728b)
Start importing Assets/Food Pack Mixed/Materials/TomatoHead.mat using Guid(130f84e4b594b3241bc431867a137c7f) Importer(815301076,1909f56bfc062723c751e8b465ee728b) [PhysX] Initialized MultithreadedTaskDispatcher with 12 workers.
[PhysX] Initialized MultithreadedTaskDispatcher with 12 workers.
 -> (artifact id: '18610e93b69a4b12015078d402114877') in 0.009117 seconds
Number of updated asset objects reloaded before import = 0
Number of asset objects unloaded after import = 3
========================================================================
Received Import Request.
  Time since last request: 0.000037 seconds.
  path: Assets/Food Pack Mixed/Meshes/BeerBottle.fbx
  artifactKey: Guid(53340ba17618e5d4fa6794a544d253eb) Importer(815301076,1909f56bfc062723c751e8b465ee728b)
Start importing Assets/Food Pack Mixed/Meshes/BeerBottle.fbx using Guid(53340ba17618e5d4fa6794a544d253eb) Importer(815301076,1909f56bfc062723c751e8b465ee728b) [PhysX] Initialized MultithreadedTaskDispatcher with 12 workers.
[PhysX] Initialized MultithreadedTaskDispatcher with 12 workers.
[PhysX] Initialized MultithreadedTaskDispatcher with 12 workers.
[PhysX] Initialized MultithreadedTaskDispatcher with 12 workers.
[PhysX] Initialized MultithreadedTaskDispatcher with 12 workers.
[PhysX] Initialized MultithreadedTaskDispatcher with 12 workers.
[PhysX] Initialized MultithreadedTaskDispatcher with 12 workers.
[PhysX] Initialized MultithreadedTaskDispatcher with 12 workers.
[PhysX] Initialized MultithreadedTaskDispatcher with 12 workers.
 -> (artifact id: 'f199fafa7c94efc8ddb4bf9af821bca8') in 0.047023 seconds
Number of updated asset objects reloaded before import = 0
Number of asset objects unloaded after import = 23
========================================================================
Received Import Request.
  Time since last request: 0.000050 seconds.
  path: Assets/Food Pack Mixed/Materials/OreganoPowder.mat
  artifactKey: Guid(6cf5198f177233c4c8b0b0d36118ae19) Importer(815301076,1909f56bfc062723c751e8b465ee728b)
Start importing Assets/Food Pack Mixed/Materials/OreganoPowder.mat using Guid(6cf5198f177233c4c8b0b0d36118ae19) Importer(815301076,1909f56bfc062723c751e8b465ee728b) [PhysX] Initialized MultithreadedTaskDispatcher with 12 workers.
[PhysX] Initialized MultithreadedTaskDispatcher with 12 workers.
 -> (artifact id: 'd75cd63c0e10bdfc00235ddfa87a3a62') in 0.008424 seconds
Number of updated asset objects reloaded before import = 0
Number of asset objects unloaded after import = 3
========================================================================
Received Import Request.
  Time since last request: 0.000022 seconds.
  path: Assets/Food Pack Mixed/Materials/TomatoSoup.mat
  artifactKey: Guid(6d813f7d7a17e744296ccdfd3feeb296) Importer(815301076,1909f56bfc062723c751e8b465ee728b)
Start importing Assets/Food Pack Mixed/Materials/TomatoSoup.mat using Guid(6d813f7d7a17e744296ccdfd3feeb296) Importer(815301076,1909f56bfc062723c751e8b465ee728b) [PhysX] Initialized MultithreadedTaskDispatcher with 12 workers.
[PhysX] Initialized MultithreadedTaskDispatcher with 12 workers.
 -> (artifact id: '99efea0d895723943801ac2ab38e3233') in 0.009125 seconds
Number of updated asset objects reloaded before import = 0
Number of asset objects unloaded after import = 3
========================================================================
Received Import Request.
  Time since last request: 0.000021 seconds.
  path: Assets/Food Pack Mixed/Meshes/Mushrooms.fbx
  artifactKey: Guid(2456fcea440f0884e87dede158493993) Importer(815301076,1909f56bfc062723c751e8b465ee728b)
Start importing Assets/Food Pack Mixed/Meshes/Mushrooms.fbx using Guid(2456fcea440f0884e87dede158493993) Importer(815301076,1909f56bfc062723c751e8b465ee728b) [PhysX] Initialized MultithreadedTaskDispatcher with 12 workers.
[PhysX] Initialized MultithreadedTaskDispatcher with 12 workers.
[PhysX] Initialized MultithreadedTaskDispatcher with 12 workers.
[PhysX] Initialized MultithreadedTaskDispatcher with 12 workers.
[PhysX] Initialized MultithreadedTaskDispatcher with 12 workers.
[PhysX] Initialized MultithreadedTaskDispatcher with 12 workers.
[PhysX] Initialized MultithreadedTaskDispatcher with 12 workers.
[PhysX] Initialized MultithreadedTaskDispatcher with 12 workers.
[PhysX] Initialized MultithreadedTaskDispatcher with 12 workers.
[PhysX] Initialized MultithreadedTaskDispatcher with 12 workers.
[PhysX] Initialized MultithreadedTaskDispatcher with 12 workers.
[PhysX] Initialized MultithreadedTaskDispatcher with 12 workers.
[PhysX] Initialized MultithreadedTaskDispatcher with 12 workers.
[PhysX] Initialized MultithreadedTaskDispatcher with 12 workers.
[PhysX] Initialized MultithreadedTaskDispatcher with 12 workers.
 -> (artifact id: '9209bba409df0cae4cd78510b0dc546c') in 0.067128 seconds
Number of updated asset objects reloaded before import = 0
Number of asset objects unloaded after import = 59
========================================================================
Received Import Request.
  Time since last request: 0.000027 seconds.
  path: Assets/Food Pack Mixed/Meshes/Banana.fbx
  artifactKey: Guid(c8e00729a02fc2445874fdd6f59c37c8) Importer(815301076,1909f56bfc062723c751e8b465ee728b)
Start importing Assets/Food Pack Mixed/Meshes/Banana.fbx using Guid(c8e00729a02fc2445874fdd6f59c37c8) Importer(815301076,1909f56bfc062723c751e8b465ee728b) [PhysX] Initialized MultithreadedTaskDispatcher with 12 workers.
[PhysX] Initialized MultithreadedTaskDispatcher with 12 workers.
[PhysX] Initialized MultithreadedTaskDispatcher with 12 workers.
[PhysX] Initialized MultithreadedTaskDispatcher with 12 workers.
[PhysX] Initialized MultithreadedTaskDispatcher with 12 workers.
[PhysX] Initialized MultithreadedTaskDispatcher with 12 workers.
[PhysX] Initialized MultithreadedTaskDispatcher with 12 workers.
[PhysX] Initialized MultithreadedTaskDispatcher with 12 workers.
[PhysX] Initialized MultithreadedTaskDispatcher with 12 workers.
 -> (artifact id: 'dee7b0c7f0e6f4b4047d3b1ce54feba8') in 0.037787 seconds
Number of updated asset objects reloaded before import = 0
Number of asset objects unloaded after import = 23
========================================================================
Received Import Request.
  Time since last request: 0.000019 seconds.
  path: Assets/Food Pack Mixed/Meshes/Puree.fbx
  artifactKey: Guid(289877ed0543bca4a95b5d428f4ad04b) Importer(815301076,1909f56bfc062723c751e8b465ee728b)
Start importing Assets/Food Pack Mixed/Meshes/Puree.fbx using Guid(289877ed0543bca4a95b5d428f4ad04b) Importer(815301076,1909f56bfc062723c751e8b465ee728b) [PhysX] Initialized MultithreadedTaskDispatcher with 12 workers.
[PhysX] Initialized MultithreadedTaskDispatcher with 12 workers.
[PhysX] Initialized MultithreadedTaskDispatcher with 12 workers.
[PhysX] Initialized MultithreadedTaskDispatcher with 12 workers.
 -> (artifact id: '64608c163d0ea3040c7bfb87517e79d7') in 0.017139 seconds
Number of updated asset objects reloaded before import = 0
Number of asset objects unloaded after import = 11
========================================================================
Received Import Request.
  Time since last request: 0.000018 seconds.
  path: Assets/Food Pack Mixed/Materials/WhitePlate.mat
  artifactKey: Guid(e5d1f02f9035efb44a3fcf5e43e16833) Importer(815301076,1909f56bfc062723c751e8b465ee728b)
Start importing Assets/Food Pack Mixed/Materials/WhitePlate.mat using Guid(e5d1f02f9035efb44a3fcf5e43e16833) Importer(815301076,1909f56bfc062723c751e8b465ee728b) [PhysX] Initialized MultithreadedTaskDispatcher with 12 workers.
[PhysX] Initialized MultithreadedTaskDispatcher with 12 workers.
 -> (artifact id: '25022751cd70124f12752cdbe0722133') in 0.007263 seconds
Number of updated asset objects reloaded before import = 0
Number of asset objects unloaded after import = 2
========================================================================
Received Import Request.
  Time since last request: 0.000027 seconds.
  path: Assets/Food Pack Mixed/Materials/VanillaExtractBottle.mat
  artifactKey: Guid(24cbd9d54c71a46478f455e4a908375d) Importer(815301076,1909f56bfc062723c751e8b465ee728b)
Start importing Assets/Food Pack Mixed/Materials/VanillaExtractBottle.mat using Guid(24cbd9d54c71a46478f455e4a908375d) Importer(815301076,1909f56bfc062723c751e8b465ee728b) [PhysX] Initialized MultithreadedTaskDispatcher with 12 workers.
[PhysX] Initialized MultithreadedTaskDispatcher with 12 workers.
 -> (artifact id: 'bf3956ffcb2b2ca2713e756474c599d9') in 0.008097 seconds
Number of updated asset objects reloaded before import = 0
Number of asset objects unloaded after import = 2
========================================================================
Received Import Request.
  Time since last request: 0.000031 seconds.
  path: Assets/Food Pack Mixed/Scenes/PlaneMat.mat
  artifactKey: Guid(c016895e71db5f343a16081b9a4eb132) Importer(815301076,1909f56bfc062723c751e8b465ee728b)
Start importing Assets/Food Pack Mixed/Scenes/PlaneMat.mat using Guid(c016895e71db5f343a16081b9a4eb132) Importer(815301076,1909f56bfc062723c751e8b465ee728b) [PhysX] Initialized MultithreadedTaskDispatcher with 12 workers.
[PhysX] Initialized MultithreadedTaskDispatcher with 12 workers.
 -> (artifact id: '4bd9f30d12cab7c8df0dbc0444280814') in 0.048477 seconds
Number of updated asset objects reloaded before import = 0
Number of asset objects unloaded after import = 2
========================================================================
Received Import Request.
  Time since last request: 0.000019 seconds.
  path: Assets/Food Pack Mixed/Meshes/JuicePack.fbx
  artifactKey: Guid(049d662fb1301c74e99bffe685bc6b9b) Importer(815301076,1909f56bfc062723c751e8b465ee728b)
Start importing Assets/Food Pack Mixed/Meshes/JuicePack.fbx using Guid(049d662fb1301c74e99bffe685bc6b9b) Importer(815301076,1909f56bfc062723c751e8b465ee728b) [PhysX] Initialized MultithreadedTaskDispatcher with 12 workers.
[PhysX] Initialized MultithreadedTaskDispatcher with 12 workers.
[PhysX] Initialized MultithreadedTaskDispatcher with 12 workers.
[PhysX] Initialized MultithreadedTaskDispatcher with 12 workers.
[PhysX] Initialized MultithreadedTaskDispatcher with 12 workers.
[PhysX] Initialized MultithreadedTaskDispatcher with 12 workers.
[PhysX] Initialized MultithreadedTaskDispatcher with 12 workers.
[PhysX] Initialized MultithreadedTaskDispatcher with 12 workers.
[PhysX] Initialized MultithreadedTaskDispatcher with 12 workers.
[PhysX] Initialized MultithreadedTaskDispatcher with 12 workers.
[PhysX] Initialized MultithreadedTaskDispatcher with 12 workers.
[PhysX] Initialized MultithreadedTaskDispatcher with 12 workers.
 -> (artifact id: 'ef027d3886209e14872908ff720af9b1') in 0.052015 seconds
Number of updated asset objects reloaded before import = 0
Number of asset objects unloaded after import = 38
========================================================================
Received Import Request.
  Time since last request: 0.000020 seconds.
  path: Assets/Food Pack Mixed/Materials/Onion.mat
  artifactKey: Guid(ec30bb5fb00caa84aa1b717f944875a6) Importer(815301076,1909f56bfc062723c751e8b465ee728b)
Start importing Assets/Food Pack Mixed/Materials/Onion.mat using Guid(ec30bb5fb00caa84aa1b717f944875a6) Importer(815301076,1909f56bfc062723c751e8b465ee728b) [PhysX] Initialized MultithreadedTaskDispatcher with 12 workers.
[PhysX] Initialized MultithreadedTaskDispatcher with 12 workers.
 -> (artifact id: '2760d3a58388b75c940814ecc05c05a8') in 0.008871 seconds
Number of updated asset objects reloaded before import = 0
Number of asset objects unloaded after import = 3
========================================================================
Received Import Request.
  Time since last request: 0.000024 seconds.
  path: Assets/Food Pack Mixed/Meshes/Onion.fbx
  artifactKey: Guid(2ea2577003f246d49939e8382c6a68fe) Importer(815301076,1909f56bfc062723c751e8b465ee728b)
Start importing Assets/Food Pack Mixed/Meshes/Onion.fbx using Guid(2ea2577003f246d49939e8382c6a68fe) Importer(815301076,1909f56bfc062723c751e8b465ee728b) [PhysX] Initialized MultithreadedTaskDispatcher with 12 workers.
[PhysX] Initialized MultithreadedTaskDispatcher with 12 workers.
[PhysX] Initialized MultithreadedTaskDispatcher with 12 workers.
[PhysX] Initialized MultithreadedTaskDispatcher with 12 workers.
[PhysX] Initialized MultithreadedTaskDispatcher with 12 workers.
[PhysX] Initialized MultithreadedTaskDispatcher with 12 workers.
[PhysX] Initialized MultithreadedTaskDispatcher with 12 workers.
[PhysX] Initialized MultithreadedTaskDispatcher with 12 workers.
[PhysX] Initialized MultithreadedTaskDispatcher with 12 workers.
 -> (artifact id: '3def5a668e6e7b732bced7af3fdd8f61') in 0.037099 seconds
Number of updated asset objects reloaded before import = 0
Number of asset objects unloaded after import = 23
========================================================================
Received Import Request.
  Time since last request: 0.000026 seconds.
  path: Assets/Food Pack Mixed/Meshes/Milk.fbx
  artifactKey: Guid(732060d1b15c97f4daf1ca806575cd4f) Importer(815301076,1909f56bfc062723c751e8b465ee728b)
Start importing Assets/Food Pack Mixed/Meshes/Milk.fbx using Guid(732060d1b15c97f4daf1ca806575cd4f) Importer(815301076,1909f56bfc062723c751e8b465ee728b) [PhysX] Initialized MultithreadedTaskDispatcher with 12 workers.
[PhysX] Initialized MultithreadedTaskDispatcher with 12 workers.
[PhysX] Initialized MultithreadedTaskDispatcher with 12 workers.
[PhysX] Initialized MultithreadedTaskDispatcher with 12 workers.
[PhysX] Initialized MultithreadedTaskDispatcher with 12 workers.
[PhysX] Initialized MultithreadedTaskDispatcher with 12 workers.
[PhysX] Initialized MultithreadedTaskDispatcher with 12 workers.
[PhysX] Initialized MultithreadedTaskDispatcher with 12 workers.
[PhysX] Initialized MultithreadedTaskDispatcher with 12 workers.
[PhysX] Initialized MultithreadedTaskDispatcher with 12 workers.
[PhysX] Initialized MultithreadedTaskDispatcher with 12 workers.
[PhysX] Initialized MultithreadedTaskDispatcher with 12 workers.
 -> (artifact id: 'fc8c115bb4fb122d98e45263daab2311') in 0.046770 seconds
Number of updated asset objects reloaded before import = 0
Number of asset objects unloaded after import = 38
========================================================================
Received Import Request.
  Time since last request: 0.000022 seconds.
  path: Assets/Food Pack Mixed/Meshes/GarlicCloves.fbx
  artifactKey: Guid(10eb3d01c5a83f7488d8ec4e2f9cdd28) Importer(815301076,1909f56bfc062723c751e8b465ee728b)
Start importing Assets/Food Pack Mixed/Meshes/GarlicCloves.fbx using Guid(10eb3d01c5a83f7488d8ec4e2f9cdd28) Importer(815301076,1909f56bfc062723c751e8b465ee728b) [PhysX] Initialized MultithreadedTaskDispatcher with 12 workers.
[PhysX] Initialized MultithreadedTaskDispatcher with 12 workers.
[PhysX] Initialized MultithreadedTaskDispatcher with 12 workers.
[PhysX] Initialized MultithreadedTaskDispatcher with 12 workers.
[PhysX] Initialized MultithreadedTaskDispatcher with 12 workers.
[PhysX] Initialized MultithreadedTaskDispatcher with 12 workers.
[PhysX] Initialized MultithreadedTaskDispatcher with 12 workers.
[PhysX] Initialized MultithreadedTaskDispatcher with 12 workers.
[PhysX] Initialized MultithreadedTaskDispatcher with 12 workers.
[PhysX] Initialized MultithreadedTaskDispatcher with 12 workers.
[PhysX] Initialized MultithreadedTaskDispatcher with 12 workers.
[PhysX] Initialized MultithreadedTaskDispatcher with 12 workers.
[PhysX] Initialized MultithreadedTaskDispatcher with 12 workers.
[PhysX] Initialized MultithreadedTaskDispatcher with 12 workers.
[PhysX] Initialized MultithreadedTaskDispatcher with 12 workers.
 -> (artifact id: 'f327800a35fbef45629741da92f765c0') in 0.056175 seconds
Number of updated asset objects reloaded before import = 0
Number of asset objects unloaded after import = 38
========================================================================
Received Import Request.
  Time since last request: 0.000025 seconds.
  path: Assets/Food Pack Mixed/Meshes/Potato.fbx
  artifactKey: Guid(46db98df67a47854fa3429f37537d92c) Importer(815301076,1909f56bfc062723c751e8b465ee728b)
Start importing Assets/Food Pack Mixed/Meshes/Potato.fbx using Guid(46db98df67a47854fa3429f37537d92c) Importer(815301076,1909f56bfc062723c751e8b465ee728b) [PhysX] Initialized MultithreadedTaskDispatcher with 12 workers.
[PhysX] Initialized MultithreadedTaskDispatcher with 12 workers.
[PhysX] Initialized MultithreadedTaskDispatcher with 12 workers.
[PhysX] Initialized MultithreadedTaskDispatcher with 12 workers.
[PhysX] Initialized MultithreadedTaskDispatcher with 12 workers.
[PhysX] Initialized MultithreadedTaskDispatcher with 12 workers.
[PhysX] Initialized MultithreadedTaskDispatcher with 12 workers.
[PhysX] Initialized MultithreadedTaskDispatcher with 12 workers.
[PhysX] Initialized MultithreadedTaskDispatcher with 12 workers.
 -> (artifact id: 'd39cd2fb77c63f4d72c8a996aefdff5c') in 0.033776 seconds
Number of updated asset objects reloaded before import = 0
Number of asset objects unloaded after import = 23
========================================================================
Received Import Request.
  Time since last request: 0.000019 seconds.
  path: Assets/Food Pack Mixed/Materials/SodaCanBody.mat
  artifactKey: Guid(89b0c4c791ede58448ec68ccd9b6589f) Importer(815301076,1909f56bfc062723c751e8b465ee728b)
Start importing Assets/Food Pack Mixed/Materials/SodaCanBody.mat using Guid(89b0c4c791ede58448ec68ccd9b6589f) Importer(815301076,1909f56bfc062723c751e8b465ee728b) [PhysX] Initialized MultithreadedTaskDispatcher with 12 workers.
[PhysX] Initialized MultithreadedTaskDispatcher with 12 workers.
 -> (artifact id: 'd6ae24b72d687c7079d43524ed64c475') in 0.006789 seconds
Number of updated asset objects reloaded before import = 0
Number of asset objects unloaded after import = 3
========================================================================
Received Import Request.
  Time since last request: 0.000022 seconds.
  path: Assets/Food Pack Mixed/Meshes/Cherries.fbx
  artifactKey: Guid(254f2719e16485141aa3bd49dc2d0cec) Importer(815301076,1909f56bfc062723c751e8b465ee728b)
Start importing Assets/Food Pack Mixed/Meshes/Cherries.fbx using Guid(254f2719e16485141aa3bd49dc2d0cec) Importer(815301076,1909f56bfc062723c751e8b465ee728b) [PhysX] Initialized MultithreadedTaskDispatcher with 12 workers.
[PhysX] Initialized MultithreadedTaskDispatcher with 12 workers.
[PhysX] Initialized MultithreadedTaskDispatcher with 12 workers.
[PhysX] Initialized MultithreadedTaskDispatcher with 12 workers.
[PhysX] Initialized MultithreadedTaskDispatcher with 12 workers.
[PhysX] Initialized MultithreadedTaskDispatcher with 12 workers.
[PhysX] Initialized MultithreadedTaskDispatcher with 12 workers.
[PhysX] Initialized MultithreadedTaskDispatcher with 12 workers.
[PhysX] Initialized MultithreadedTaskDispatcher with 12 workers.
 -> (artifact id: '1439125f1457d79f2384c67cfa6ead0a') in 0.039813 seconds
Number of updated asset objects reloaded before import = 0
Number of asset objects unloaded after import = 23
========================================================================
Received Import Request.
  Time since last request: 412.738241 seconds.
  path: Assets/Food Pack Mixed/Materials/MincedBeef.mat
  artifactKey: Guid(1cda6d235c34bcd4f8304031f01d5542) Importer(815301076,1909f56bfc062723c751e8b465ee728b)
Start importing Assets/Food Pack Mixed/Materials/MincedBeef.mat using Guid(1cda6d235c34bcd4f8304031f01d5542) Importer(815301076,1909f56bfc062723c751e8b465ee728b) [PhysX] Initialized MultithreadedTaskDispatcher with 12 workers.
[PhysX] Initialized MultithreadedTaskDispatcher with 12 workers.
 -> (artifact id: 'eff440936d400342275245af6eb1907f') in 0.009885 seconds
Number of updated asset objects reloaded before import = 0
Number of asset objects unloaded after import = 2
========================================================================
Received Prepare
Caller must complete domain reload
Begin MonoManager ReloadAssembly
- Loaded All Assemblies, in  0.547 seconds
Native extension for WindowsStandalone target not found
Native extension for Android target not found
Mono: successfully reloaded assembly
- Finished resetting the current domain, in  1.282 seconds
Domain Reload Profiling: 1829ms
	BeginReloadAssembly (232ms)
		ExecutionOrderSort (0ms)
		DisableScriptedObjects (25ms)
		BackupInstance (0ms)
		ReleaseScriptingObjects (0ms)
		CreateAndSetChildDomain (79ms)
	RebuildCommonClasses (33ms)
	RebuildNativeTypeToScriptingClass (12ms)
	initialDomainReloadingComplete (27ms)
	LoadAllAssembliesAndSetupDomain (243ms)
		LoadAssemblies (310ms)
		RebuildTransferFunctionScriptingTraits (0ms)
		AnalyzeDomain (19ms)
			TypeCache.Refresh (6ms)
				TypeCache.ScanAssembly (0ms)
			ScanForSourceGeneratedMonoScriptInfo (0ms)
			ResolveRequiredComponents (12ms)
	FinalizeReload (1283ms)
		ReleaseScriptCaches (0ms)
		RebuildScriptCaches (0ms)
		SetupLoadedEditorAssemblies (554ms)
			LogAssemblyErrors (0ms)
			InitializePlatformSupportModulesInManaged (18ms)
			SetLoadedEditorAssemblies (4ms)
			RefreshPlugins (0ms)
			BeforeProcessingInitializeOnLoad (76ms)
			ProcessInitializeOnLoadAttributes (382ms)
			ProcessInitializeOnLoadMethodAttributes (69ms)
			AfterProcessingInitializeOnLoad (3ms)
			EditorAssembliesLoaded (0ms)
		ExecutionOrderSort2 (0ms)
		AwakeInstancesAfterBackupRestoration (23ms)
Refreshing native plugins compatible for Editor in 4.52 ms, found 3 plugins.
Preloading 0 native plugins for Editor in 0.00 ms.
Unloading 5312 Unused Serialized files (Serialized files now loaded: 0)
Unloading 20 unused Assets / (387.2 KB). Loaded Objects now: 6066.
Memory consumption went from 190.1 MB to 189.7 MB.
Total: 4.465600 ms (FindLiveObjects: 0.528300 ms CreateObjectMapping: 0.176500 ms MarkObjects: 3.487300 ms  DeleteObjects: 0.272600 ms)

Prepare: number of updated asset objects reloaded= 0
AssetImportParameters requested are different than current active one (requested -> active):
  custom:container-demuxer-ogg: 62fdf1f143b41e24485cea50d1cbac27 -> 
  custom:video-decoder-ogg-theora: a1e56fd34408186e4bbccfd4996cb3dc -> 
  custom:framework-win-MediaFoundation: 216162199b28c13a410421893ffa2e32 -> 
  custom:CustomObjectIndexerAttribute: 72b91833f83ae208fae7752999fa3104 -> 
  custom:container-demuxer-webm: 4f35f7cbe854078d1ac9338744f61a02 -> 
  custom:container-muxer-webm: aa71ff27fc2769a1b78a27578f13a17b -> 
  custom:video-decoder-webm-vp8: 9c59270c3fd7afecdb556c50c9e8de78 -> 
  custom:SearchIndexIgnoredProperties: e643bd26f0fe6173181afceb89e7c659 -> 
  custom:AudioImporter_EditorPlatform: d09bf68614088b80899f8185d706f6e7 -> 
  custom:video-encoder-webm-vp8: eb34c28f22e8b96e1ab97ce403110664 -> 
  custom:audio-decoder-ogg-vorbis: bf7c407c2cedff20999df2af8eb42d56 -> 
  custom:audio-encoder-webm-vorbis: bf7c407c2cedff20999df2af8eb42d56 -> 
